[2016-07-04 04:49:14] production.ERROR: exception 'RuntimeException' with message 'No supported encrypter found. The cipher and / or key length are invalid.' in /opt/lampp/htdocs/iPub/bootstrap/cache/compiled.php:7737
Stack trace:
#0 /opt/lampp/htdocs/iPub/bootstrap/cache/compiled.php(7727): Illuminate\Encryption\EncryptionServiceProvider->getEncrypterForKeyAndCipher(NULL, 'AES-256-CBC')
#1 /opt/lampp/htdocs/iPub/bootstrap/cache/compiled.php(1353): Illuminate\Encryption\EncryptionServiceProvider->Illuminate\Encryption\{closure}(Object(Illuminate\Foundation\Application), Array)
#2 /opt/lampp/htdocs/iPub/bootstrap/cache/compiled.php(1309): Illuminate\Container\Container->build(Object(Closure), Array)
#3 /opt/lampp/htdocs/iPub/bootstrap/cache/compiled.php(1871): Illuminate\Container\Container->make('encrypter', Array)
#4 /opt/lampp/htdocs/iPub/bootstrap/cache/compiled.php(1410): Illuminate\Foundation\Application->make('Illuminate\\Cont...')
#5 /opt/lampp/htdocs/iPub/bootstrap/cache/compiled.php(1387): Illuminate\Container\Container->resolveClass(Object(ReflectionParameter))
#6 /opt/lampp/htdocs/iPub/bootstrap/cache/compiled.php(1373): Illuminate\Container\Container->getDependencies(Array, Array)
#7 /opt/lampp/htdocs/iPub/bootstrap/cache/compiled.php(1309): Illuminate\Container\Container->build('App\\Http\\Middle...', Array)
#8 /opt/lampp/htdocs/iPub/bootstrap/cache/compiled.php(1871): Illuminate\Container\Container->make('App\\Http\\Middle...', Array)
#9 /opt/lampp/htdocs/iPub/bootstrap/cache/compiled.php(9921): Illuminate\Foundation\Application->make('App\\Http\\Middle...')
#10 [internal function]: Illuminate\Pipeline\Pipeline->Illuminate\Pipeline\{closure}(Object(Illuminate\Http\Request))
#11 /opt/lampp/htdocs/iPub/vendor/laravel/framework/src/Illuminate/Routing/Pipeline.php(32): call_user_func(Object(Closure), Object(Illuminate\Http\Request))
#12 [internal function]: Illuminate\Routing\Pipeline->Illuminate\Routing\{closure}(Object(Illuminate\Http\Request))
#13 /opt/lampp/htdocs/iPub/bootstrap/cache/compiled.php(9911): call_user_func(Object(Closure), Object(Illuminate\Http\Request))
#14 /opt/lampp/htdocs/iPub/bootstrap/cache/compiled.php(8192): Illuminate\Pipeline\Pipeline->then(Object(Closure))
#15 /opt/lampp/htdocs/iPub/bootstrap/cache/compiled.php(8183): Illuminate\Routing\Router->runRouteWithinStack(Object(Illuminate\Routing\Route), Object(Illuminate\Http\Request))
#16 /opt/lampp/htdocs/iPub/bootstrap/cache/compiled.php(8173): Illuminate\Routing\Router->dispatchToRoute(Object(Illuminate\Http\Request))
#17 /opt/lampp/htdocs/iPub/bootstrap/cache/compiled.php(2416): Illuminate\Routing\Router->dispatch(Object(Illuminate\Http\Request))
#18 [internal function]: Illuminate\Foundation\Http\Kernel->Illuminate\Foundation\Http\{closure}(Object(Illuminate\Http\Request))
#19 /opt/lampp/htdocs/iPub/vendor/laravel/framework/src/Illuminate/Routing/Pipeline.php(52): call_user_func(Object(Closure), Object(Illuminate\Http\Request))
#20 /opt/lampp/htdocs/iPub/bootstrap/cache/compiled.php(3283): Illuminate\Routing\Pipeline->Illuminate\Routing\{closure}(Object(Illuminate\Http\Request))
#21 [internal function]: Illuminate\Foundation\Http\Middleware\CheckForMaintenanceMode->handle(Object(Illuminate\Http\Request), Object(Closure))
#22 /opt/lampp/htdocs/iPub/bootstrap/cache/compiled.php(9926): call_user_func_array(Array, Array)
#23 [internal function]: Illuminate\Pipeline\Pipeline->Illuminate\Pipeline\{closure}(Object(Illuminate\Http\Request))
#24 /opt/lampp/htdocs/iPub/vendor/laravel/framework/src/Illuminate/Routing/Pipeline.php(32): call_user_func(Object(Closure), Object(Illuminate\Http\Request))
#25 [internal function]: Illuminate\Routing\Pipeline->Illuminate\Routing\{closure}(Object(Illuminate\Http\Request))
#26 /opt/lampp/htdocs/iPub/bootstrap/cache/compiled.php(9911): call_user_func(Object(Closure), Object(Illuminate\Http\Request))
#27 /opt/lampp/htdocs/iPub/bootstrap/cache/compiled.php(2363): Illuminate\Pipeline\Pipeline->then(Object(Closure))
#28 /opt/lampp/htdocs/iPub/bootstrap/cache/compiled.php(2347): Illuminate\Foundation\Http\Kernel->sendRequestThroughRouter(Object(Illuminate\Http\Request))
#29 /opt/lampp/htdocs/iPub/public/index.php(54): Illuminate\Foundation\Http\Kernel->handle(Object(Illuminate\Http\Request))
#30 /opt/lampp/htdocs/iPub/server.php(21): require_once('/opt/lampp/htdo...')
#31 {main}  
[2016-07-04 04:49:14] production.ERROR: exception 'RuntimeException' with message 'No supported encrypter found. The cipher and / or key length are invalid.' in /opt/lampp/htdocs/iPub/bootstrap/cache/compiled.php:7737
Stack trace:
#0 /opt/lampp/htdocs/iPub/bootstrap/cache/compiled.php(7727): Illuminate\Encryption\EncryptionServiceProvider->getEncrypterForKeyAndCipher(NULL, 'AES-256-CBC')
#1 /opt/lampp/htdocs/iPub/bootstrap/cache/compiled.php(1353): Illuminate\Encryption\EncryptionServiceProvider->Illuminate\Encryption\{closure}(Object(Illuminate\Foundation\Application), Array)
#2 /opt/lampp/htdocs/iPub/bootstrap/cache/compiled.php(1309): Illuminate\Container\Container->build(Object(Closure), Array)
#3 /opt/lampp/htdocs/iPub/bootstrap/cache/compiled.php(1871): Illuminate\Container\Container->make('encrypter', Array)
#4 /opt/lampp/htdocs/iPub/bootstrap/cache/compiled.php(1410): Illuminate\Foundation\Application->make('Illuminate\\Cont...')
#5 /opt/lampp/htdocs/iPub/bootstrap/cache/compiled.php(1387): Illuminate\Container\Container->resolveClass(Object(ReflectionParameter))
#6 /opt/lampp/htdocs/iPub/bootstrap/cache/compiled.php(1373): Illuminate\Container\Container->getDependencies(Array, Array)
#7 /opt/lampp/htdocs/iPub/bootstrap/cache/compiled.php(1309): Illuminate\Container\Container->build('App\\Http\\Middle...', Array)
#8 /opt/lampp/htdocs/iPub/bootstrap/cache/compiled.php(1871): Illuminate\Container\Container->make('App\\Http\\Middle...', Array)
#9 /opt/lampp/htdocs/iPub/bootstrap/cache/compiled.php(2370): Illuminate\Foundation\Application->make('App\\Http\\Middle...')
#10 /opt/lampp/htdocs/iPub/public/index.php(58): Illuminate\Foundation\Http\Kernel->terminate(Object(Illuminate\Http\Request), Object(Illuminate\Http\Response))
#11 /opt/lampp/htdocs/iPub/server.php(21): require_once('/opt/lampp/htdo...')
#12 {main}  
[2016-07-06 20:02:54] production.ERROR: exception 'RuntimeException' with message 'No supported encrypter found. The cipher and / or key length are invalid.' in /opt/lampp/htdocs/iPub/bootstrap/cache/compiled.php:7737
Stack trace:
#0 /opt/lampp/htdocs/iPub/bootstrap/cache/compiled.php(7727): Illuminate\Encryption\EncryptionServiceProvider->getEncrypterForKeyAndCipher(NULL, 'AES-256-CBC')
#1 /opt/lampp/htdocs/iPub/bootstrap/cache/compiled.php(1353): Illuminate\Encryption\EncryptionServiceProvider->Illuminate\Encryption\{closure}(Object(Illuminate\Foundation\Application), Array)
#2 /opt/lampp/htdocs/iPub/bootstrap/cache/compiled.php(1309): Illuminate\Container\Container->build(Object(Closure), Array)
#3 /opt/lampp/htdocs/iPub/bootstrap/cache/compiled.php(1871): Illuminate\Container\Container->make('encrypter', Array)
#4 /opt/lampp/htdocs/iPub/bootstrap/cache/compiled.php(1410): Illuminate\Foundation\Application->make('Illuminate\\Cont...')
#5 /opt/lampp/htdocs/iPub/bootstrap/cache/compiled.php(1387): Illuminate\Container\Container->resolveClass(Object(ReflectionParameter))
#6 /opt/lampp/htdocs/iPub/bootstrap/cache/compiled.php(1373): Illuminate\Container\Container->getDependencies(Array, Array)
#7 /opt/lampp/htdocs/iPub/bootstrap/cache/compiled.php(1309): Illuminate\Container\Container->build('App\\Http\\Middle...', Array)
#8 /opt/lampp/htdocs/iPub/bootstrap/cache/compiled.php(1871): Illuminate\Container\Container->make('App\\Http\\Middle...', Array)
#9 /opt/lampp/htdocs/iPub/bootstrap/cache/compiled.php(9921): Illuminate\Foundation\Application->make('App\\Http\\Middle...')
#10 [internal function]: Illuminate\Pipeline\Pipeline->Illuminate\Pipeline\{closure}(Object(Illuminate\Http\Request))
#11 /opt/lampp/htdocs/iPub/vendor/laravel/framework/src/Illuminate/Routing/Pipeline.php(32): call_user_func(Object(Closure), Object(Illuminate\Http\Request))
#12 [internal function]: Illuminate\Routing\Pipeline->Illuminate\Routing\{closure}(Object(Illuminate\Http\Request))
#13 /opt/lampp/htdocs/iPub/bootstrap/cache/compiled.php(9911): call_user_func(Object(Closure), Object(Illuminate\Http\Request))
#14 /opt/lampp/htdocs/iPub/bootstrap/cache/compiled.php(8192): Illuminate\Pipeline\Pipeline->then(Object(Closure))
#15 /opt/lampp/htdocs/iPub/bootstrap/cache/compiled.php(8183): Illuminate\Routing\Router->runRouteWithinStack(Object(Illuminate\Routing\Route), Object(Illuminate\Http\Request))
#16 /opt/lampp/htdocs/iPub/bootstrap/cache/compiled.php(8173): Illuminate\Routing\Router->dispatchToRoute(Object(Illuminate\Http\Request))
#17 /opt/lampp/htdocs/iPub/bootstrap/cache/compiled.php(2416): Illuminate\Routing\Router->dispatch(Object(Illuminate\Http\Request))
#18 [internal function]: Illuminate\Foundation\Http\Kernel->Illuminate\Foundation\Http\{closure}(Object(Illuminate\Http\Request))
#19 /opt/lampp/htdocs/iPub/vendor/laravel/framework/src/Illuminate/Routing/Pipeline.php(52): call_user_func(Object(Closure), Object(Illuminate\Http\Request))
#20 /opt/lampp/htdocs/iPub/bootstrap/cache/compiled.php(3283): Illuminate\Routing\Pipeline->Illuminate\Routing\{closure}(Object(Illuminate\Http\Request))
#21 [internal function]: Illuminate\Foundation\Http\Middleware\CheckForMaintenanceMode->handle(Object(Illuminate\Http\Request), Object(Closure))
#22 /opt/lampp/htdocs/iPub/bootstrap/cache/compiled.php(9926): call_user_func_array(Array, Array)
#23 [internal function]: Illuminate\Pipeline\Pipeline->Illuminate\Pipeline\{closure}(Object(Illuminate\Http\Request))
#24 /opt/lampp/htdocs/iPub/vendor/laravel/framework/src/Illuminate/Routing/Pipeline.php(32): call_user_func(Object(Closure), Object(Illuminate\Http\Request))
#25 [internal function]: Illuminate\Routing\Pipeline->Illuminate\Routing\{closure}(Object(Illuminate\Http\Request))
#26 /opt/lampp/htdocs/iPub/bootstrap/cache/compiled.php(9911): call_user_func(Object(Closure), Object(Illuminate\Http\Request))
#27 /opt/lampp/htdocs/iPub/bootstrap/cache/compiled.php(2363): Illuminate\Pipeline\Pipeline->then(Object(Closure))
#28 /opt/lampp/htdocs/iPub/bootstrap/cache/compiled.php(2347): Illuminate\Foundation\Http\Kernel->sendRequestThroughRouter(Object(Illuminate\Http\Request))
#29 /opt/lampp/htdocs/iPub/public/index.php(54): Illuminate\Foundation\Http\Kernel->handle(Object(Illuminate\Http\Request))
#30 /opt/lampp/htdocs/iPub/server.php(21): require_once('/opt/lampp/htdo...')
#31 {main}  
[2016-07-06 20:02:54] production.ERROR: exception 'RuntimeException' with message 'No supported encrypter found. The cipher and / or key length are invalid.' in /opt/lampp/htdocs/iPub/bootstrap/cache/compiled.php:7737
Stack trace:
#0 /opt/lampp/htdocs/iPub/bootstrap/cache/compiled.php(7727): Illuminate\Encryption\EncryptionServiceProvider->getEncrypterForKeyAndCipher(NULL, 'AES-256-CBC')
#1 /opt/lampp/htdocs/iPub/bootstrap/cache/compiled.php(1353): Illuminate\Encryption\EncryptionServiceProvider->Illuminate\Encryption\{closure}(Object(Illuminate\Foundation\Application), Array)
#2 /opt/lampp/htdocs/iPub/bootstrap/cache/compiled.php(1309): Illuminate\Container\Container->build(Object(Closure), Array)
#3 /opt/lampp/htdocs/iPub/bootstrap/cache/compiled.php(1871): Illuminate\Container\Container->make('encrypter', Array)
#4 /opt/lampp/htdocs/iPub/bootstrap/cache/compiled.php(1410): Illuminate\Foundation\Application->make('Illuminate\\Cont...')
#5 /opt/lampp/htdocs/iPub/bootstrap/cache/compiled.php(1387): Illuminate\Container\Container->resolveClass(Object(ReflectionParameter))
#6 /opt/lampp/htdocs/iPub/bootstrap/cache/compiled.php(1373): Illuminate\Container\Container->getDependencies(Array, Array)
#7 /opt/lampp/htdocs/iPub/bootstrap/cache/compiled.php(1309): Illuminate\Container\Container->build('App\\Http\\Middle...', Array)
#8 /opt/lampp/htdocs/iPub/bootstrap/cache/compiled.php(1871): Illuminate\Container\Container->make('App\\Http\\Middle...', Array)
#9 /opt/lampp/htdocs/iPub/bootstrap/cache/compiled.php(2370): Illuminate\Foundation\Application->make('App\\Http\\Middle...')
#10 /opt/lampp/htdocs/iPub/public/index.php(58): Illuminate\Foundation\Http\Kernel->terminate(Object(Illuminate\Http\Request), Object(Illuminate\Http\Response))
#11 /opt/lampp/htdocs/iPub/server.php(21): require_once('/opt/lampp/htdo...')
#12 {main}  
[2016-07-06 20:21:09] production.ERROR: exception 'RuntimeException' with message 'No supported encrypter found. The cipher and / or key length are invalid.' in /opt/lampp/htdocs/iPub/bootstrap/cache/compiled.php:7737
Stack trace:
#0 /opt/lampp/htdocs/iPub/bootstrap/cache/compiled.php(7727): Illuminate\Encryption\EncryptionServiceProvider->getEncrypterForKeyAndCipher(NULL, 'AES-256-CBC')
#1 /opt/lampp/htdocs/iPub/bootstrap/cache/compiled.php(1353): Illuminate\Encryption\EncryptionServiceProvider->Illuminate\Encryption\{closure}(Object(Illuminate\Foundation\Application), Array)
#2 /opt/lampp/htdocs/iPub/bootstrap/cache/compiled.php(1309): Illuminate\Container\Container->build(Object(Closure), Array)
#3 /opt/lampp/htdocs/iPub/bootstrap/cache/compiled.php(1871): Illuminate\Container\Container->make('encrypter', Array)
#4 /opt/lampp/htdocs/iPub/bootstrap/cache/compiled.php(1410): Illuminate\Foundation\Application->make('Illuminate\\Cont...')
#5 /opt/lampp/htdocs/iPub/bootstrap/cache/compiled.php(1387): Illuminate\Container\Container->resolveClass(Object(ReflectionParameter))
#6 /opt/lampp/htdocs/iPub/bootstrap/cache/compiled.php(1373): Illuminate\Container\Container->getDependencies(Array, Array)
#7 /opt/lampp/htdocs/iPub/bootstrap/cache/compiled.php(1309): Illuminate\Container\Container->build('App\\Http\\Middle...', Array)
#8 /opt/lampp/htdocs/iPub/bootstrap/cache/compiled.php(1871): Illuminate\Container\Container->make('App\\Http\\Middle...', Array)
#9 /opt/lampp/htdocs/iPub/bootstrap/cache/compiled.php(9921): Illuminate\Foundation\Application->make('App\\Http\\Middle...')
#10 [internal function]: Illuminate\Pipeline\Pipeline->Illuminate\Pipeline\{closure}(Object(Illuminate\Http\Request))
#11 /opt/lampp/htdocs/iPub/vendor/laravel/framework/src/Illuminate/Routing/Pipeline.php(32): call_user_func(Object(Closure), Object(Illuminate\Http\Request))
#12 [internal function]: Illuminate\Routing\Pipeline->Illuminate\Routing\{closure}(Object(Illuminate\Http\Request))
#13 /opt/lampp/htdocs/iPub/bootstrap/cache/compiled.php(9911): call_user_func(Object(Closure), Object(Illuminate\Http\Request))
#14 /opt/lampp/htdocs/iPub/bootstrap/cache/compiled.php(8192): Illuminate\Pipeline\Pipeline->then(Object(Closure))
#15 /opt/lampp/htdocs/iPub/bootstrap/cache/compiled.php(8183): Illuminate\Routing\Router->runRouteWithinStack(Object(Illuminate\Routing\Route), Object(Illuminate\Http\Request))
#16 /opt/lampp/htdocs/iPub/bootstrap/cache/compiled.php(8173): Illuminate\Routing\Router->dispatchToRoute(Object(Illuminate\Http\Request))
#17 /opt/lampp/htdocs/iPub/bootstrap/cache/compiled.php(2416): Illuminate\Routing\Router->dispatch(Object(Illuminate\Http\Request))
#18 [internal function]: Illuminate\Foundation\Http\Kernel->Illuminate\Foundation\Http\{closure}(Object(Illuminate\Http\Request))
#19 /opt/lampp/htdocs/iPub/vendor/laravel/framework/src/Illuminate/Routing/Pipeline.php(52): call_user_func(Object(Closure), Object(Illuminate\Http\Request))
#20 /opt/lampp/htdocs/iPub/bootstrap/cache/compiled.php(3283): Illuminate\Routing\Pipeline->Illuminate\Routing\{closure}(Object(Illuminate\Http\Request))
#21 [internal function]: Illuminate\Foundation\Http\Middleware\CheckForMaintenanceMode->handle(Object(Illuminate\Http\Request), Object(Closure))
#22 /opt/lampp/htdocs/iPub/bootstrap/cache/compiled.php(9926): call_user_func_array(Array, Array)
#23 [internal function]: Illuminate\Pipeline\Pipeline->Illuminate\Pipeline\{closure}(Object(Illuminate\Http\Request))
#24 /opt/lampp/htdocs/iPub/vendor/laravel/framework/src/Illuminate/Routing/Pipeline.php(32): call_user_func(Object(Closure), Object(Illuminate\Http\Request))
#25 [internal function]: Illuminate\Routing\Pipeline->Illuminate\Routing\{closure}(Object(Illuminate\Http\Request))
#26 /opt/lampp/htdocs/iPub/bootstrap/cache/compiled.php(9911): call_user_func(Object(Closure), Object(Illuminate\Http\Request))
#27 /opt/lampp/htdocs/iPub/bootstrap/cache/compiled.php(2363): Illuminate\Pipeline\Pipeline->then(Object(Closure))
#28 /opt/lampp/htdocs/iPub/bootstrap/cache/compiled.php(2347): Illuminate\Foundation\Http\Kernel->sendRequestThroughRouter(Object(Illuminate\Http\Request))
#29 /opt/lampp/htdocs/iPub/public/index.php(54): Illuminate\Foundation\Http\Kernel->handle(Object(Illuminate\Http\Request))
#30 /opt/lampp/htdocs/iPub/server.php(21): require_once('/opt/lampp/htdo...')
#31 {main}  
[2016-07-06 20:21:09] production.ERROR: exception 'RuntimeException' with message 'No supported encrypter found. The cipher and / or key length are invalid.' in /opt/lampp/htdocs/iPub/bootstrap/cache/compiled.php:7737
Stack trace:
#0 /opt/lampp/htdocs/iPub/bootstrap/cache/compiled.php(7727): Illuminate\Encryption\EncryptionServiceProvider->getEncrypterForKeyAndCipher(NULL, 'AES-256-CBC')
#1 /opt/lampp/htdocs/iPub/bootstrap/cache/compiled.php(1353): Illuminate\Encryption\EncryptionServiceProvider->Illuminate\Encryption\{closure}(Object(Illuminate\Foundation\Application), Array)
#2 /opt/lampp/htdocs/iPub/bootstrap/cache/compiled.php(1309): Illuminate\Container\Container->build(Object(Closure), Array)
#3 /opt/lampp/htdocs/iPub/bootstrap/cache/compiled.php(1871): Illuminate\Container\Container->make('encrypter', Array)
#4 /opt/lampp/htdocs/iPub/bootstrap/cache/compiled.php(1410): Illuminate\Foundation\Application->make('Illuminate\\Cont...')
#5 /opt/lampp/htdocs/iPub/bootstrap/cache/compiled.php(1387): Illuminate\Container\Container->resolveClass(Object(ReflectionParameter))
#6 /opt/lampp/htdocs/iPub/bootstrap/cache/compiled.php(1373): Illuminate\Container\Container->getDependencies(Array, Array)
#7 /opt/lampp/htdocs/iPub/bootstrap/cache/compiled.php(1309): Illuminate\Container\Container->build('App\\Http\\Middle...', Array)
#8 /opt/lampp/htdocs/iPub/bootstrap/cache/compiled.php(1871): Illuminate\Container\Container->make('App\\Http\\Middle...', Array)
#9 /opt/lampp/htdocs/iPub/bootstrap/cache/compiled.php(2370): Illuminate\Foundation\Application->make('App\\Http\\Middle...')
#10 /opt/lampp/htdocs/iPub/public/index.php(58): Illuminate\Foundation\Http\Kernel->terminate(Object(Illuminate\Http\Request), Object(Illuminate\Http\Response))
#11 /opt/lampp/htdocs/iPub/server.php(21): require_once('/opt/lampp/htdo...')
#12 {main}  
[2016-07-06 20:21:12] production.ERROR: exception 'RuntimeException' with message 'No supported encrypter found. The cipher and / or key length are invalid.' in /opt/lampp/htdocs/iPub/bootstrap/cache/compiled.php:7737
Stack trace:
#0 /opt/lampp/htdocs/iPub/bootstrap/cache/compiled.php(7727): Illuminate\Encryption\EncryptionServiceProvider->getEncrypterForKeyAndCipher(NULL, 'AES-256-CBC')
#1 /opt/lampp/htdocs/iPub/bootstrap/cache/compiled.php(1353): Illuminate\Encryption\EncryptionServiceProvider->Illuminate\Encryption\{closure}(Object(Illuminate\Foundation\Application), Array)
#2 /opt/lampp/htdocs/iPub/bootstrap/cache/compiled.php(1309): Illuminate\Container\Container->build(Object(Closure), Array)
#3 /opt/lampp/htdocs/iPub/bootstrap/cache/compiled.php(1871): Illuminate\Container\Container->make('encrypter', Array)
#4 /opt/lampp/htdocs/iPub/bootstrap/cache/compiled.php(1410): Illuminate\Foundation\Application->make('Illuminate\\Cont...')
#5 /opt/lampp/htdocs/iPub/bootstrap/cache/compiled.php(1387): Illuminate\Container\Container->resolveClass(Object(ReflectionParameter))
#6 /opt/lampp/htdocs/iPub/bootstrap/cache/compiled.php(1373): Illuminate\Container\Container->getDependencies(Array, Array)
#7 /opt/lampp/htdocs/iPub/bootstrap/cache/compiled.php(1309): Illuminate\Container\Container->build('App\\Http\\Middle...', Array)
#8 /opt/lampp/htdocs/iPub/bootstrap/cache/compiled.php(1871): Illuminate\Container\Container->make('App\\Http\\Middle...', Array)
#9 /opt/lampp/htdocs/iPub/bootstrap/cache/compiled.php(9921): Illuminate\Foundation\Application->make('App\\Http\\Middle...')
#10 [internal function]: Illuminate\Pipeline\Pipeline->Illuminate\Pipeline\{closure}(Object(Illuminate\Http\Request))
#11 /opt/lampp/htdocs/iPub/vendor/laravel/framework/src/Illuminate/Routing/Pipeline.php(32): call_user_func(Object(Closure), Object(Illuminate\Http\Request))
#12 [internal function]: Illuminate\Routing\Pipeline->Illuminate\Routing\{closure}(Object(Illuminate\Http\Request))
#13 /opt/lampp/htdocs/iPub/bootstrap/cache/compiled.php(9911): call_user_func(Object(Closure), Object(Illuminate\Http\Request))
#14 /opt/lampp/htdocs/iPub/bootstrap/cache/compiled.php(8192): Illuminate\Pipeline\Pipeline->then(Object(Closure))
#15 /opt/lampp/htdocs/iPub/bootstrap/cache/compiled.php(8183): Illuminate\Routing\Router->runRouteWithinStack(Object(Illuminate\Routing\Route), Object(Illuminate\Http\Request))
#16 /opt/lampp/htdocs/iPub/bootstrap/cache/compiled.php(8173): Illuminate\Routing\Router->dispatchToRoute(Object(Illuminate\Http\Request))
#17 /opt/lampp/htdocs/iPub/bootstrap/cache/compiled.php(2416): Illuminate\Routing\Router->dispatch(Object(Illuminate\Http\Request))
#18 [internal function]: Illuminate\Foundation\Http\Kernel->Illuminate\Foundation\Http\{closure}(Object(Illuminate\Http\Request))
#19 /opt/lampp/htdocs/iPub/vendor/laravel/framework/src/Illuminate/Routing/Pipeline.php(52): call_user_func(Object(Closure), Object(Illuminate\Http\Request))
#20 /opt/lampp/htdocs/iPub/bootstrap/cache/compiled.php(3283): Illuminate\Routing\Pipeline->Illuminate\Routing\{closure}(Object(Illuminate\Http\Request))
#21 [internal function]: Illuminate\Foundation\Http\Middleware\CheckForMaintenanceMode->handle(Object(Illuminate\Http\Request), Object(Closure))
#22 /opt/lampp/htdocs/iPub/bootstrap/cache/compiled.php(9926): call_user_func_array(Array, Array)
#23 [internal function]: Illuminate\Pipeline\Pipeline->Illuminate\Pipeline\{closure}(Object(Illuminate\Http\Request))
#24 /opt/lampp/htdocs/iPub/vendor/laravel/framework/src/Illuminate/Routing/Pipeline.php(32): call_user_func(Object(Closure), Object(Illuminate\Http\Request))
#25 [internal function]: Illuminate\Routing\Pipeline->Illuminate\Routing\{closure}(Object(Illuminate\Http\Request))
#26 /opt/lampp/htdocs/iPub/bootstrap/cache/compiled.php(9911): call_user_func(Object(Closure), Object(Illuminate\Http\Request))
#27 /opt/lampp/htdocs/iPub/bootstrap/cache/compiled.php(2363): Illuminate\Pipeline\Pipeline->then(Object(Closure))
#28 /opt/lampp/htdocs/iPub/bootstrap/cache/compiled.php(2347): Illuminate\Foundation\Http\Kernel->sendRequestThroughRouter(Object(Illuminate\Http\Request))
#29 /opt/lampp/htdocs/iPub/public/index.php(54): Illuminate\Foundation\Http\Kernel->handle(Object(Illuminate\Http\Request))
#30 /opt/lampp/htdocs/iPub/server.php(21): require_once('/opt/lampp/htdo...')
#31 {main}  
[2016-07-06 20:21:12] production.ERROR: exception 'RuntimeException' with message 'No supported encrypter found. The cipher and / or key length are invalid.' in /opt/lampp/htdocs/iPub/bootstrap/cache/compiled.php:7737
Stack trace:
#0 /opt/lampp/htdocs/iPub/bootstrap/cache/compiled.php(7727): Illuminate\Encryption\EncryptionServiceProvider->getEncrypterForKeyAndCipher(NULL, 'AES-256-CBC')
#1 /opt/lampp/htdocs/iPub/bootstrap/cache/compiled.php(1353): Illuminate\Encryption\EncryptionServiceProvider->Illuminate\Encryption\{closure}(Object(Illuminate\Foundation\Application), Array)
#2 /opt/lampp/htdocs/iPub/bootstrap/cache/compiled.php(1309): Illuminate\Container\Container->build(Object(Closure), Array)
#3 /opt/lampp/htdocs/iPub/bootstrap/cache/compiled.php(1871): Illuminate\Container\Container->make('encrypter', Array)
#4 /opt/lampp/htdocs/iPub/bootstrap/cache/compiled.php(1410): Illuminate\Foundation\Application->make('Illuminate\\Cont...')
#5 /opt/lampp/htdocs/iPub/bootstrap/cache/compiled.php(1387): Illuminate\Container\Container->resolveClass(Object(ReflectionParameter))
#6 /opt/lampp/htdocs/iPub/bootstrap/cache/compiled.php(1373): Illuminate\Container\Container->getDependencies(Array, Array)
#7 /opt/lampp/htdocs/iPub/bootstrap/cache/compiled.php(1309): Illuminate\Container\Container->build('App\\Http\\Middle...', Array)
#8 /opt/lampp/htdocs/iPub/bootstrap/cache/compiled.php(1871): Illuminate\Container\Container->make('App\\Http\\Middle...', Array)
#9 /opt/lampp/htdocs/iPub/bootstrap/cache/compiled.php(2370): Illuminate\Foundation\Application->make('App\\Http\\Middle...')
#10 /opt/lampp/htdocs/iPub/public/index.php(58): Illuminate\Foundation\Http\Kernel->terminate(Object(Illuminate\Http\Request), Object(Illuminate\Http\Response))
#11 /opt/lampp/htdocs/iPub/server.php(21): require_once('/opt/lampp/htdo...')
#12 {main}  
[2016-07-06 20:57:15] production.ERROR: exception 'ErrorException' with message 'file_get_contents(/opt/lampp/htdocs/iPub/.env): failed to open stream: No such file or directory' in /opt/lampp/htdocs/iPub/vendor/laravel/framework/src/Illuminate/Foundation/Console/KeyGenerateCommand.php:57
Stack trace:
#0 [internal function]: Illuminate\Foundation\Bootstrap\HandleExceptions->handleError(2, 'file_get_conten...', '/opt/lampp/htdo...', 57, Array)
#1 /opt/lampp/htdocs/iPub/vendor/laravel/framework/src/Illuminate/Foundation/Console/KeyGenerateCommand.php(57): file_get_contents('/opt/lampp/htdo...')
#2 /opt/lampp/htdocs/iPub/vendor/laravel/framework/src/Illuminate/Foundation/Console/KeyGenerateCommand.php(39): Illuminate\Foundation\Console\KeyGenerateCommand->setKeyInEnvironmentFile('base64:4tpZ+jp+...')
#3 [internal function]: Illuminate\Foundation\Console\KeyGenerateCommand->fire()
#4 /opt/lampp/htdocs/iPub/bootstrap/cache/compiled.php(1257): call_user_func_array(Array, Array)
#5 /opt/lampp/htdocs/iPub/vendor/laravel/framework/src/Illuminate/Console/Command.php(169): Illuminate\Container\Container->call(Array)
#6 /opt/lampp/htdocs/iPub/vendor/symfony/console/Command/Command.php(256): Illuminate\Console\Command->execute(Object(Symfony\Component\Console\Input\ArgvInput), Object(Symfony\Component\Console\Output\ConsoleOutput))
#7 /opt/lampp/htdocs/iPub/vendor/laravel/framework/src/Illuminate/Console/Command.php(155): Symfony\Component\Console\Command\Command->run(Object(Symfony\Component\Console\Input\ArgvInput), Object(Symfony\Component\Console\Output\ConsoleOutput))
#8 /opt/lampp/htdocs/iPub/vendor/symfony/console/Application.php(791): Illuminate\Console\Command->run(Object(Symfony\Component\Console\Input\ArgvInput), Object(Symfony\Component\Console\Output\ConsoleOutput))
#9 /opt/lampp/htdocs/iPub/vendor/symfony/console/Application.php(186): Symfony\Component\Console\Application->doRunCommand(Object(Illuminate\Foundation\Console\KeyGenerateCommand), Object(Symfony\Component\Console\Input\ArgvInput), Object(Symfony\Component\Console\Output\ConsoleOutput))
#10 /opt/lampp/htdocs/iPub/vendor/symfony/console/Application.php(117): Symfony\Component\Console\Application->doRun(Object(Symfony\Component\Console\Input\ArgvInput), Object(Symfony\Component\Console\Output\ConsoleOutput))
#11 /opt/lampp/htdocs/iPub/vendor/laravel/framework/src/Illuminate/Foundation/Console/Kernel.php(107): Symfony\Component\Console\Application->run(Object(Symfony\Component\Console\Input\ArgvInput), Object(Symfony\Component\Console\Output\ConsoleOutput))
#12 /opt/lampp/htdocs/iPub/artisan(36): Illuminate\Foundation\Console\Kernel->handle(Object(Symfony\Component\Console\Input\ArgvInput), Object(Symfony\Component\Console\Output\ConsoleOutput))
#13 {main}  
